2017-09-04 11:54:57.298  INFO 183040 --- [main] c.v.c.CameraMonitorApplicationKt         : Starting CameraMonitorApplicationKt on DESKTOP-J2R7V46 with PID 183040 (started by Viking in F:\Projects\Intellij IDEA\camera-monitor)
2017-09-04 11:54:57.302  INFO 183040 --- [main] c.v.c.CameraMonitorApplicationKt         : No active profile set, falling back to default profiles: default
2017-09-04 11:54:57.414  INFO 183040 --- [main] ConfigServletWebServerApplicationContext : Refreshing org.springframework.boot.web.servlet.context.AnnotationConfigServletWebServerApplicationContext@57ad2aa7: startup date [Mon Sep 04 11:54:57 CST 2017]; root of context hierarchy
2017-09-04 11:54:58.995  INFO 183040 --- [main] o.s.b.w.embedded.tomcat.TomcatWebServer  : Tomcat initialized with port(s): 8080 (http)
2017-09-04 11:54:59.002  INFO 183040 --- [main] o.apache.catalina.core.StandardService   : Starting service [Tomcat]
2017-09-04 11:54:59.003  INFO 183040 --- [main] org.apache.catalina.core.StandardEngine  : Starting Servlet Engine: Apache Tomcat/8.5.16
2017-09-04 11:54:59.090  INFO 183040 --- [localhost-startStop-1] o.a.c.c.C.[Tomcat].[localhost].[/]       : Initializing Spring embedded WebApplicationContext
2017-09-04 11:54:59.091  INFO 183040 --- [localhost-startStop-1] o.s.web.context.ContextLoader            : Root WebApplicationContext: initialization completed in 1680 ms
2017-09-04 11:54:59.256  INFO 183040 --- [localhost-startStop-1] o.s.b.w.servlet.ServletRegistrationBean  : Mapping servlet: 'dispatcherServlet' to [/]
2017-09-04 11:54:59.257  INFO 183040 --- [localhost-startStop-1] o.s.b.w.servlet.ServletRegistrationBean  : Mapping servlet: 'statViewServlet' to [/druid/*]
2017-09-04 11:54:59.260  INFO 183040 --- [localhost-startStop-1] o.s.b.w.servlet.FilterRegistrationBean   : Mapping filter: 'characterEncodingFilter' to: [/*]
2017-09-04 11:54:59.260  INFO 183040 --- [localhost-startStop-1] o.s.b.w.servlet.FilterRegistrationBean   : Mapping filter: 'hiddenHttpMethodFilter' to: [/*]
2017-09-04 11:54:59.260  INFO 183040 --- [localhost-startStop-1] o.s.b.w.servlet.FilterRegistrationBean   : Mapping filter: 'httpPutFormContentFilter' to: [/*]
2017-09-04 11:54:59.260  INFO 183040 --- [localhost-startStop-1] o.s.b.w.servlet.FilterRegistrationBean   : Mapping filter: 'requestContextFilter' to: [/*]
2017-09-04 11:54:59.261  INFO 183040 --- [localhost-startStop-1] o.s.b.w.servlet.FilterRegistrationBean   : Mapping filter: 'webStatFilter' to urls: [/*]
2017-09-04 11:55:00.356  INFO 183040 --- [main] s.w.s.m.m.a.RequestMappingHandlerAdapter : Looking for @ControllerAdvice: org.springframework.boot.web.servlet.context.AnnotationConfigServletWebServerApplicationContext@57ad2aa7: startup date [Mon Sep 04 11:54:57 CST 2017]; root of context hierarchy
2017-09-04 11:55:00.416  INFO 183040 --- [main] s.w.s.m.m.a.RequestMappingHandlerMapping : Mapped "{[/user],methods=[DELETE]}" onto public void com.vts.cameramonitor.controller.UserManageController.deleteUser(com.vts.cameramonitor.controller.UserManageController$DataJsonString)
2017-09-04 11:55:00.416  INFO 183040 --- [main] s.w.s.m.m.a.RequestMappingHandlerMapping : Mapped "{[/user],methods=[PUT]}" onto public java.lang.Object com.vts.cameramonitor.controller.UserManageController.createUser(com.vts.cameramonitor.controller.UserManageController$DataJsonString)
2017-09-04 11:55:00.416  INFO 183040 --- [main] s.w.s.m.m.a.RequestMappingHandlerMapping : Mapped "{[/user],methods=[POST]}" onto public java.lang.Object com.vts.cameramonitor.controller.UserManageController.updateUser(com.vts.cameramonitor.controller.UserManageController$DataJsonString)
2017-09-04 11:55:00.416  INFO 183040 --- [main] s.w.s.m.m.a.RequestMappingHandlerMapping : Mapped "{[/user],methods=[GET]}" onto public java.util.List<java.lang.Object> com.vts.cameramonitor.controller.UserManageController.getUsers()
2017-09-04 11:55:00.418  INFO 183040 --- [main] s.w.s.m.m.a.RequestMappingHandlerMapping : Mapped "{[/createImage],methods=[POST]}" onto public java.lang.Object com.vts.cameramonitor.controller.VideoTransformController.createImage(java.lang.String,java.lang.String,org.springframework.web.multipart.MultipartFile)
2017-09-04 11:55:00.418  INFO 183040 --- [main] s.w.s.m.m.a.RequestMappingHandlerMapping : Mapped "{[/getVideo]}" onto public void com.vts.cameramonitor.controller.VideoTransformController.getVideo(javax.servlet.http.HttpServletRequest,javax.servlet.http.HttpServletResponse)
2017-09-04 11:55:00.418  INFO 183040 --- [main] s.w.s.m.m.a.RequestMappingHandlerMapping : Mapped "{[/importVideo],methods=[GET]}" onto public java.lang.Object com.vts.cameramonitor.controller.VideoTransformController.importVideo(java.lang.String)
2017-09-04 11:55:00.418  INFO 183040 --- [main] s.w.s.m.m.a.RequestMappingHandlerMapping : Mapped "{[/imageList],methods=[GET]}" onto public java.lang.Object com.vts.cameramonitor.controller.VideoTransformController.getImageList(int,int)
2017-09-04 11:55:00.418  INFO 183040 --- [main] s.w.s.m.m.a.RequestMappingHandlerMapping : Mapped "{[/imageDisplayList],methods=[GET]}" onto public java.lang.Object com.vts.cameramonitor.controller.VideoTransformController.getImageDisplayList(int,int)
2017-09-04 11:55:00.421  INFO 183040 --- [main] s.w.s.m.m.a.RequestMappingHandlerMapping : Mapped "{[/error]}" onto public org.springframework.http.ResponseEntity<java.util.Map<java.lang.String, java.lang.Object>> org.springframework.boot.autoconfigure.web.servlet.error.BasicErrorController.error(javax.servlet.http.HttpServletRequest)
2017-09-04 11:55:00.422  INFO 183040 --- [main] s.w.s.m.m.a.RequestMappingHandlerMapping : Mapped "{[/error],produces=[text/html]}" onto public org.springframework.web.servlet.ModelAndView org.springframework.boot.autoconfigure.web.servlet.error.BasicErrorController.errorHtml(javax.servlet.http.HttpServletRequest,javax.servlet.http.HttpServletResponse)
2017-09-04 11:55:00.461  INFO 183040 --- [main] o.s.w.s.handler.SimpleUrlHandlerMapping  : Mapped URL path [/webjars/**] onto handler of type [class org.springframework.web.servlet.resource.ResourceHttpRequestHandler]
2017-09-04 11:55:00.461  INFO 183040 --- [main] o.s.w.s.handler.SimpleUrlHandlerMapping  : Mapped URL path [/**] onto handler of type [class org.springframework.web.servlet.resource.ResourceHttpRequestHandler]
2017-09-04 11:55:00.500  INFO 183040 --- [main] o.s.w.s.handler.SimpleUrlHandlerMapping  : Mapped URL path [/**/favicon.ico] onto handler of type [class org.springframework.web.servlet.resource.ResourceHttpRequestHandler]
2017-09-04 11:55:00.841  INFO 183040 --- [main] o.s.j.e.a.AnnotationMBeanExporter        : Registering beans for JMX exposure on startup
2017-09-04 11:55:00.842  INFO 183040 --- [main] o.s.j.e.a.AnnotationMBeanExporter        : Bean with name 'statFilter' has been autodetected for JMX exposure
2017-09-04 11:55:00.843  INFO 183040 --- [main] o.s.j.e.a.AnnotationMBeanExporter        : Bean with name 'dataSource' has been autodetected for JMX exposure
2017-09-04 11:55:00.849  INFO 183040 --- [main] o.s.j.e.a.AnnotationMBeanExporter        : Located MBean 'dataSource': registering with JMX server as MBean [com.alibaba.druid.spring.boot.autoconfigure:name=dataSource,type=DruidDataSourceWrapper]
2017-09-04 11:55:00.851  INFO 183040 --- [main] o.s.j.e.a.AnnotationMBeanExporter        : Located MBean 'statFilter': registering with JMX server as MBean [com.alibaba.druid.filter.stat:name=statFilter,type=StatFilter]
2017-09-04 11:55:00.920  INFO 183040 --- [main] o.s.b.w.embedded.tomcat.TomcatWebServer  : Tomcat started on port(s): 8080 (http)
2017-09-04 11:55:00.925  INFO 183040 --- [main] c.v.c.CameraMonitorApplicationKt         : Started CameraMonitorApplicationKt in 3.958 seconds (JVM running for 4.658)
2017-09-04 11:55:03.746  INFO 183040 --- [http-nio-8080-exec-2] o.a.c.c.C.[Tomcat].[localhost].[/]       : Initializing Spring FrameworkServlet 'dispatcherServlet'
2017-09-04 11:55:03.747  INFO 183040 --- [http-nio-8080-exec-2] o.s.web.servlet.DispatcherServlet        : FrameworkServlet 'dispatcherServlet': initialization started
2017-09-04 11:55:03.768  INFO 183040 --- [http-nio-8080-exec-2] o.s.web.servlet.DispatcherServlet        : FrameworkServlet 'dispatcherServlet': initialization completed in 21 ms
2017-09-04 11:55:03.867  INFO 183040 --- [http-nio-8080-exec-2] com.alibaba.druid.pool.DruidDataSource   : {dataSource-1} inited
2017-09-04 11:55:04.187  INFO 183040 --- [http-nio-8080-exec-2] VideoController                          : 获取图片列表
2017-09-04 11:56:37.525  INFO 223940 --- [main] c.v.c.CameraMonitorApplicationKt         : Starting CameraMonitorApplicationKt on DESKTOP-J2R7V46 with PID 223940 (started by Viking in F:\Projects\Intellij IDEA\camera-monitor)
2017-09-04 11:56:37.534  INFO 223940 --- [main] c.v.c.CameraMonitorApplicationKt         : No active profile set, falling back to default profiles: default
2017-09-04 11:56:37.658  INFO 223940 --- [main] ConfigServletWebServerApplicationContext : Refreshing org.springframework.boot.web.servlet.context.AnnotationConfigServletWebServerApplicationContext@57ad2aa7: startup date [Mon Sep 04 11:56:37 CST 2017]; root of context hierarchy
2017-09-04 11:56:40.094  INFO 223940 --- [main] o.s.b.w.embedded.tomcat.TomcatWebServer  : Tomcat initialized with port(s): 8080 (http)
2017-09-04 11:56:40.103  INFO 223940 --- [main] o.apache.catalina.core.StandardService   : Starting service [Tomcat]
2017-09-04 11:56:40.104  INFO 223940 --- [main] org.apache.catalina.core.StandardEngine  : Starting Servlet Engine: Apache Tomcat/8.5.16
2017-09-04 11:56:40.222  INFO 223940 --- [localhost-startStop-1] o.a.c.c.C.[Tomcat].[localhost].[/]       : Initializing Spring embedded WebApplicationContext
2017-09-04 11:56:40.223  INFO 223940 --- [localhost-startStop-1] o.s.web.context.ContextLoader            : Root WebApplicationContext: initialization completed in 2579 ms
2017-09-04 11:56:40.390  INFO 223940 --- [localhost-startStop-1] o.s.b.w.servlet.ServletRegistrationBean  : Mapping servlet: 'dispatcherServlet' to [/]
2017-09-04 11:56:40.392  INFO 223940 --- [localhost-startStop-1] o.s.b.w.servlet.ServletRegistrationBean  : Mapping servlet: 'statViewServlet' to [/druid/*]
2017-09-04 11:56:40.395  INFO 223940 --- [localhost-startStop-1] o.s.b.w.servlet.FilterRegistrationBean   : Mapping filter: 'characterEncodingFilter' to: [/*]
2017-09-04 11:56:40.395  INFO 223940 --- [localhost-startStop-1] o.s.b.w.servlet.FilterRegistrationBean   : Mapping filter: 'hiddenHttpMethodFilter' to: [/*]
2017-09-04 11:56:40.395  INFO 223940 --- [localhost-startStop-1] o.s.b.w.servlet.FilterRegistrationBean   : Mapping filter: 'httpPutFormContentFilter' to: [/*]
2017-09-04 11:56:40.395  INFO 223940 --- [localhost-startStop-1] o.s.b.w.servlet.FilterRegistrationBean   : Mapping filter: 'requestContextFilter' to: [/*]
2017-09-04 11:56:40.396  INFO 223940 --- [localhost-startStop-1] o.s.b.w.servlet.FilterRegistrationBean   : Mapping filter: 'webStatFilter' to urls: [/*]
2017-09-04 11:56:41.591  INFO 223940 --- [main] s.w.s.m.m.a.RequestMappingHandlerAdapter : Looking for @ControllerAdvice: org.springframework.boot.web.servlet.context.AnnotationConfigServletWebServerApplicationContext@57ad2aa7: startup date [Mon Sep 04 11:56:37 CST 2017]; root of context hierarchy
2017-09-04 11:56:41.660  INFO 223940 --- [main] s.w.s.m.m.a.RequestMappingHandlerMapping : Mapped "{[/user],methods=[PUT]}" onto public java.lang.Object com.vts.cameramonitor.controller.UserManageController.createUser(com.vts.cameramonitor.controller.UserManageController$DataJsonString)
2017-09-04 11:56:41.661  INFO 223940 --- [main] s.w.s.m.m.a.RequestMappingHandlerMapping : Mapped "{[/user],methods=[DELETE]}" onto public void com.vts.cameramonitor.controller.UserManageController.deleteUser(com.vts.cameramonitor.controller.UserManageController$DataJsonString)
2017-09-04 11:56:41.662  INFO 223940 --- [main] s.w.s.m.m.a.RequestMappingHandlerMapping : Mapped "{[/user],methods=[POST]}" onto public java.lang.Object com.vts.cameramonitor.controller.UserManageController.updateUser(com.vts.cameramonitor.controller.UserManageController$DataJsonString)
2017-09-04 11:56:41.662  INFO 223940 --- [main] s.w.s.m.m.a.RequestMappingHandlerMapping : Mapped "{[/user],methods=[GET]}" onto public java.util.List<java.lang.Object> com.vts.cameramonitor.controller.UserManageController.getUsers()
2017-09-04 11:56:41.663  INFO 223940 --- [main] s.w.s.m.m.a.RequestMappingHandlerMapping : Mapped "{[/createImage],methods=[POST]}" onto public java.lang.Object com.vts.cameramonitor.controller.VideoTransformController.createImage(java.lang.String,java.lang.String,org.springframework.web.multipart.MultipartFile)
2017-09-04 11:56:41.663  INFO 223940 --- [main] s.w.s.m.m.a.RequestMappingHandlerMapping : Mapped "{[/imageDisplayList],methods=[GET]}" onto public java.lang.Object com.vts.cameramonitor.controller.VideoTransformController.getImageDisplayList(int,int)
2017-09-04 11:56:41.663  INFO 223940 --- [main] s.w.s.m.m.a.RequestMappingHandlerMapping : Mapped "{[/getVideo]}" onto public void com.vts.cameramonitor.controller.VideoTransformController.getVideo(javax.servlet.http.HttpServletRequest,javax.servlet.http.HttpServletResponse)
2017-09-04 11:56:41.664  INFO 223940 --- [main] s.w.s.m.m.a.RequestMappingHandlerMapping : Mapped "{[/imageList],methods=[GET]}" onto public java.lang.Object com.vts.cameramonitor.controller.VideoTransformController.getImageList(int,int)
2017-09-04 11:56:41.664  INFO 223940 --- [main] s.w.s.m.m.a.RequestMappingHandlerMapping : Mapped "{[/importVideo],methods=[GET]}" onto public java.lang.Object com.vts.cameramonitor.controller.VideoTransformController.importVideo(java.lang.String)
2017-09-04 11:56:41.667  INFO 223940 --- [main] s.w.s.m.m.a.RequestMappingHandlerMapping : Mapped "{[/error]}" onto public org.springframework.http.ResponseEntity<java.util.Map<java.lang.String, java.lang.Object>> org.springframework.boot.autoconfigure.web.servlet.error.BasicErrorController.error(javax.servlet.http.HttpServletRequest)
2017-09-04 11:56:41.667  INFO 223940 --- [main] s.w.s.m.m.a.RequestMappingHandlerMapping : Mapped "{[/error],produces=[text/html]}" onto public org.springframework.web.servlet.ModelAndView org.springframework.boot.autoconfigure.web.servlet.error.BasicErrorController.errorHtml(javax.servlet.http.HttpServletRequest,javax.servlet.http.HttpServletResponse)
2017-09-04 11:56:41.707  INFO 223940 --- [main] o.s.w.s.handler.SimpleUrlHandlerMapping  : Mapped URL path [/webjars/**] onto handler of type [class org.springframework.web.servlet.resource.ResourceHttpRequestHandler]
2017-09-04 11:56:41.707  INFO 223940 --- [main] o.s.w.s.handler.SimpleUrlHandlerMapping  : Mapped URL path [/**] onto handler of type [class org.springframework.web.servlet.resource.ResourceHttpRequestHandler]
2017-09-04 11:56:41.754  INFO 223940 --- [main] o.s.w.s.handler.SimpleUrlHandlerMapping  : Mapped URL path [/**/favicon.ico] onto handler of type [class org.springframework.web.servlet.resource.ResourceHttpRequestHandler]
2017-09-04 11:56:42.105  INFO 223940 --- [main] o.s.j.e.a.AnnotationMBeanExporter        : Registering beans for JMX exposure on startup
2017-09-04 11:56:42.106  INFO 223940 --- [main] o.s.j.e.a.AnnotationMBeanExporter        : Bean with name 'statFilter' has been autodetected for JMX exposure
2017-09-04 11:56:42.106  INFO 223940 --- [main] o.s.j.e.a.AnnotationMBeanExporter        : Bean with name 'dataSource' has been autodetected for JMX exposure
2017-09-04 11:56:42.111  INFO 223940 --- [main] o.s.j.e.a.AnnotationMBeanExporter        : Located MBean 'dataSource': registering with JMX server as MBean [com.alibaba.druid.spring.boot.autoconfigure:name=dataSource,type=DruidDataSourceWrapper]
2017-09-04 11:56:42.113  INFO 223940 --- [main] o.s.j.e.a.AnnotationMBeanExporter        : Located MBean 'statFilter': registering with JMX server as MBean [com.alibaba.druid.filter.stat:name=statFilter,type=StatFilter]
2017-09-04 11:56:42.239  INFO 223940 --- [main] o.s.b.w.embedded.tomcat.TomcatWebServer  : Tomcat started on port(s): 8080 (http)
2017-09-04 11:56:42.243  INFO 223940 --- [main] c.v.c.CameraMonitorApplicationKt         : Started CameraMonitorApplicationKt in 5.763 seconds (JVM running for 7.014)
2017-09-04 11:56:43.820  INFO 223940 --- [http-nio-8080-exec-2] o.a.c.c.C.[Tomcat].[localhost].[/]       : Initializing Spring FrameworkServlet 'dispatcherServlet'
2017-09-04 11:56:43.821  INFO 223940 --- [http-nio-8080-exec-2] o.s.web.servlet.DispatcherServlet        : FrameworkServlet 'dispatcherServlet': initialization started
2017-09-04 11:56:43.843  INFO 223940 --- [http-nio-8080-exec-2] o.s.web.servlet.DispatcherServlet        : FrameworkServlet 'dispatcherServlet': initialization completed in 22 ms
2017-09-04 11:56:43.950  INFO 223940 --- [http-nio-8080-exec-2] com.alibaba.druid.pool.DruidDataSource   : {dataSource-1} inited
2017-09-04 11:56:44.506  INFO 223940 --- [http-nio-8080-exec-2] VideoController                          : 获取图片列表
